# JRE version: Java(TM) SE Runtime Environment (8.0_171-b11) (build 1.8.0_171-b11)
# Java VM: Java HotSpot(TM) 64-Bit Server VM (25.171-b11 mixed mode windows-amd64 compressed oops)
Heap:
 PSYoungGen      total 372736K, used 219459K [0x000000076b500000, 0x0000000785d00000, 0x00000007c0000000)
  eden space 357376K, 57% used [0x000000076b500000,0x0000000777e20a60,0x0000000781200000)
  from space 15360K, 87% used [0x0000000781200000,0x0000000781f303a8,0x0000000782100000)
  to   space 16384K, 0% used [0x0000000784d00000,0x0000000784d00000,0x0000000785d00000)
 ParOldGen       total 142336K, used 17157K [0x00000006c1e00000, 0x00000006ca900000, 0x000000076b500000)
  object space 142336K, 12% used [0x00000006c1e00000,0x00000006c2ec14e0,0x00000006ca900000)
 Metaspace       used 48935K, capacity 51864K, committed 52096K, reserved 1093632K
  class space    used 6464K, capacity 6983K, committed 7040K, reserved 1048576K
GC Heap History (10 events):
Event: 4.000 GC heap before
{Heap before GC invocations=7 (full 1):
 PSYoungGen      total 141824K, used 140897K [0x000000076b500000, 0x000000077a180000, 0x00000007c0000000)
  eden space 131072K, 100% used [0x000000076b500000,0x0000000773500000,0x0000000773500000)
  from space 10752K, 91% used [0x0000000773500000,0x0000000773e98438,0x0000000773f80000)
  to   space 10752K, 0% used [0x0000000779700000,0x0000000779700000,0x000000077a180000)
 ParOldGen       total 90624K, used 6268K [0x00000006c1e00000, 0x00000006c7680000, 0x000000076b500000)
  object space 90624K, 6% used [0x00000006c1e00000,0x00000006c241f330,0x00000006c7680000)
 Metaspace       used 28142K, capacity 29300K, committed 29440K, reserved 1075200K
  class space    used 3792K, capacity 4046K, committed 4096K, reserved 1048576K
Event: 4.007 GC heap after
Heap after GC invocations=7 (full 1):
 PSYoungGen      total 228864K, used 10736K [0x000000076b500000, 0x000000077a200000, 0x00000007c0000000)
  eden space 218112K, 0% used [0x000000076b500000,0x000000076b500000,0x0000000778a00000)
  from space 10752K, 99% used [0x0000000779700000,0x000000077a17c158,0x000000077a180000)
  to   space 12288K, 0% used [0x0000000778a00000,0x0000000778a00000,0x0000000779600000)
 ParOldGen       total 90624K, used 7104K [0x00000006c1e00000, 0x00000006c7680000, 0x000000076b500000)
  object space 90624K, 7% used [0x00000006c1e00000,0x00000006c24f0008,0x00000006c7680000)
 Metaspace       used 28142K, capacity 29300K, committed 29440K, reserved 1075200K
  class space    used 3792K, capacity 4046K, committed 4096K, reserved 1048576K
}
Event: 4.630 GC heap before
{Heap before GC invocations=8 (full 1):
 PSYoungGen      total 228864K, used 122394K [0x000000076b500000, 0x000000077a200000, 0x00000007c0000000)
  eden space 218112K, 51% used [0x000000076b500000,0x000000077220aa38,0x0000000778a00000)
  from space 10752K, 99% used [0x0000000779700000,0x000000077a17c158,0x000000077a180000)
  to   space 12288K, 0% used [0x0000000778a00000,0x0000000778a00000,0x0000000779600000)
 ParOldGen       total 90624K, used 7104K [0x00000006c1e00000, 0x00000006c7680000, 0x000000076b500000)
  object space 90624K, 7% used [0x00000006c1e00000,0x00000006c24f0008,0x00000006c7680000)
 Metaspace       used 33745K, capacity 35416K, committed 35496K, reserved 1079296K
  class space    used 4498K, capacity 4836K, committed 4864K, reserved 1048576K
Event: 4.638 GC heap after
Heap after GC invocations=8 (full 1):
 PSYoungGen      total 230400K, used 12265K [0x000000076b500000, 0x0000000783000000, 0x00000007c0000000)
  eden space 218112K, 0% used [0x000000076b500000,0x000000076b500000,0x0000000778a00000)
  from space 12288K, 99% used [0x0000000778a00000,0x00000007795fa4e8,0x0000000779600000)
  to   space 13824K, 0% used [0x0000000782280000,0x0000000782280000,0x0000000783000000)
 ParOldGen       total 90624K, used 7266K [0x00000006c1e00000, 0x00000006c7680000, 0x000000076b500000)
  object space 90624K, 8% used [0x00000006c1e00000,0x00000006c2518b08,0x00000006c7680000)
 Metaspace       used 33745K, capacity 35416K, committed 35496K, reserved 1079296K
  class space    used 4498K, capacity 4836K, committed 4864K, reserved 1048576K
}
Event: 4.638 GC heap before
{Heap before GC invocations=9 (full 2):
 PSYoungGen      total 230400K, used 12265K [0x000000076b500000, 0x0000000783000000, 0x00000007c0000000)
  eden space 218112K, 0% used [0x000000076b500000,0x000000076b500000,0x0000000778a00000)
  from space 12288K, 99% used [0x0000000778a00000,0x00000007795fa4e8,0x0000000779600000)
  to   space 13824K, 0% used [0x0000000782280000,0x0000000782280000,0x0000000783000000)
 ParOldGen       total 90624K, used 7266K [0x00000006c1e00000, 0x00000006c7680000, 0x000000076b500000)
  object space 90624K, 8% used [0x00000006c1e00000,0x00000006c2518b08,0x00000006c7680000)
 Metaspace       used 33745K, capacity 35416K, committed 35496K, reserved 1079296K
  class space    used 4498K, capacity 4836K, committed 4864K, reserved 1048576K
Event: 4.687 GC heap after
Heap after GC invocations=9 (full 2):
 PSYoungGen      total 230400K, used 0K [0x000000076b500000, 0x0000000783000000, 0x00000007c0000000)
  eden space 218112K, 0% used [0x000000076b500000,0x000000076b500000,0x0000000778a00000)
  from space 12288K, 0% used [0x0000000778a00000,0x0000000778a00000,0x0000000779600000)
  to   space 13824K, 0% used [0x0000000782280000,0x0000000782280000,0x0000000783000000)
 ParOldGen       total 142336K, used 17077K [0x00000006c1e00000, 0x00000006ca900000, 0x000000076b500000)
  object space 142336K, 11% used [0x00000006c1e00000,0x00000006c2ead4d0,0x00000006ca900000)
 Metaspace       used 33745K, capacity 35416K, committed 35496K, reserved 1079296K
  class space    used 4498K, capacity 4836K, committed 4864K, reserved 1048576K
}
Event: 6.203 GC heap before
{Heap before GC invocations=10 (full 2):
 PSYoungGen      total 230400K, used 218112K [0x000000076b500000, 0x0000000783000000, 0x00000007c0000000)
  eden space 218112K, 100% used [0x000000076b500000,0x0000000778a00000,0x0000000778a00000)
  from space 12288K, 0% used [0x0000000778a00000,0x0000000778a00000,0x0000000779600000)
  to   space 13824K, 0% used [0x0000000782280000,0x0000000782280000,0x0000000783000000)
 ParOldGen       total 142336K, used 17077K [0x00000006c1e00000, 0x00000006ca900000, 0x000000076b500000)
  object space 142336K, 11% used [0x00000006c1e00000,0x00000006c2ead4d0,0x00000006ca900000)
 Metaspace       used 41954K, capacity 44468K, committed 44800K, reserved 1087488K
  class space    used 5632K, capacity 6067K, committed 6144K, reserved 1048576K
Event: 6.212 GC heap after
Heap after GC invocations=10 (full 2):
 PSYoungGen      total 336384K, used 13500K [0x000000076b500000, 0x0000000783000000, 0x00000007c0000000)
  eden space 322560K, 0% used [0x000000076b500000,0x000000076b500000,0x000000077f000000)
  from space 13824K, 97% used [0x0000000782280000,0x0000000782faf050,0x0000000783000000)
  to   space 15360K, 0% used [0x0000000781200000,0x0000000781200000,0x0000000782100000)
 ParOldGen       total 142336K, used 17085K [0x00000006c1e00000, 0x00000006ca900000, 0x000000076b500000)
  object space 142336K, 12% used [0x00000006c1e00000,0x00000006c2eaf4d0,0x00000006ca900000)
 Metaspace       used 41954K, capacity 44468K, committed 44800K, reserved 1087488K
  class space    used 5632K, capacity 6067K, committed 6144K, reserved 1048576K
}
Event: 127.863 GC heap before
{Heap before GC invocations=11 (full 2):
 PSYoungGen      total 336384K, used 336060K [0x000000076b500000, 0x0000000783000000, 0x00000007c0000000)
  eden space 322560K, 100% used [0x000000076b500000,0x000000077f000000,0x000000077f000000)
  from space 13824K, 97% used [0x0000000782280000,0x0000000782faf050,0x0000000783000000)
  to   space 15360K, 0% used [0x0000000781200000,0x0000000781200000,0x0000000782100000)
 ParOldGen       total 142336K, used 17085K [0x00000006c1e00000, 0x00000006ca900000, 0x000000076b500000)
  object space 142336K, 12% used [0x00000006c1e00000,0x00000006c2eaf4d0,0x00000006ca900000)
 Metaspace       used 47075K, capacity 49972K, committed 50048K, reserved 1093632K
  class space    used 6217K, capacity 6711K, committed 6784K, reserved 1048576K
Event: 127.874 GC heap after
Heap after GC invocations=11 (full 2):
 PSYoungGen      total 372736K, used 13504K [0x000000076b500000, 0x0000000785d00000, 0x00000007c0000000)
  eden space 357376K, 0% used [0x000000076b500000,0x000000076b500000,0x0000000781200000)
  from space 15360K, 87% used [0x0000000781200000,0x0000000781f303a8,0x0000000782100000)
  to   space 16384K, 0% used [0x0000000784d00000,0x0000000784d00000,0x0000000785d00000)
 ParOldGen       total 142336K, used 17157K [0x00000006c1e00000, 0x00000006ca900000, 0x000000076b500000)
  object space 142336K, 12% used [0x00000006c1e00000,0x00000006c2ec14e0,0x00000006ca900000)
 Metaspace       used 47075K, capacity 49972K, committed 50048K, reserved 1093632K
  class space    used 6217K, capacity 6711K, committed 6784K, reserved 1048576K
}

